15:07:08.412 [DependentDirectiveThread] DEBUG com.amazon.alexa.avs.SpeechRequestAudioPlayerPauseController - Dispatching directive
15:07:08.453 [DependentDirectiveThread] DEBUG com.amazon.alexa.avs.SpeechRequestAudioPlayerPauseController - Finished listening to user speech
15:07:08.471 [DependentDirectiveThread] DEBUG com.amazon.alexa.avs.wakeword.WakeWordIPCSocket - Sending command IPC_RESUME_WAKE_WORD_ENGINE to all connected clients
15:07:09.058 [RequestThread] INFO  com.amazon.alexa.avs.http.AVSClient - Response code: 200
15:07:09.059 [RequestThread] INFO  com.amazon.alexa.avs.http.AVSClient - Response headers: access-control-allow-origin: *
x-amzn-requestid: 0aadddfffe01bb98-00007c07-0002d2c8-3dd24ec615edf2e0-484f2f86-7
content-type: multipart/related;boundary=83981d9e-7564-41be-b744-33dc58af5637;start=metadata.1504624029032;type="application/json"


15:07:09.079 [RequestThread] INFO  com.amazon.alexa.avs.http.MessageParser - Response metadata: 
{
  "directive" : {
    "header" : {
      "namespace" : "SpeechSynthesizer",
      "name" : "Speak",
      "messageId" : "9066f0f5-c432-4454-84a1-3262b0765dae",
      "dialogRequestId" : "8251376d-3b47-42bd-a8ce-ea78535c30ae"
    },
    "payload" : {
      "url" : "cid:KnowledgePrompt.0f6e245c-5487-460d-8295-833d9b260ed7_1316557605",
      "format" : "AUDIO_MPEG",
      "token" : "amzn1.as-ct.v1.Domain:Application:Knowledge#ACRI#KnowledgePrompt.0f6e245c-5487-460d-8295-833d9b260ed7"
    }
  }
}
15:07:09.115 [DependentDirectiveThread] INFO  com.amazon.alexa.avs.AVSController - Handling directive: SpeechSynthesizer.Speak
15:07:09.123 [DependentDirectiveThread] DEBUG com.amazon.alexa.avs.SpeechRequestAudioPlayerPauseController - Dispatching directive
15:07:09.134 [DependentDirectiveThread] DEBUG com.amazon.alexa.avs.SpeechRequestAudioPlayerPauseController - Alexa speech started
15:07:09.134 [RequestThread] DEBUG com.amazon.alexa.avs.AVSController - Speech processing finished. Dependent queue size: 0
15:07:09.141 [RequestThread] DEBUG com.amazon.alexa.avs.SpeechRequestAudioPlayerPauseController - Finished processing speech request
15:07:09.180 [Thread-31] DEBUG com.amazon.alexa.avs.SpeechRequestAudioPlayerPauseController - Started resume audio thread
15:07:09.191 [DependentDirectiveThread] INFO  com.amazon.alexa.avs.http.AVSClient - Request metadata: 
{
  "event" : {
    "header" : {
      "namespace" : "SpeechSynthesizer",
      "name" : "SpeechStarted",
      "messageId" : "b27b8b01-e1d2-4ba7-b66a-6f3189c06e0f"
    },
    "payload" : {
      "token" : "amzn1.as-ct.v1.Domain:Application:Knowledge#ACRI#KnowledgePrompt.0f6e245c-5487-460d-8295-833d9b260ed7"
    }
  }
}
15:07:09.489 [RequestThread] INFO  com.amazon.alexa.avs.http.AVSClient - Response code: 204
15:07:09.490 [RequestThread] INFO  com.amazon.alexa.avs.http.AVSClient - Response headers: access-control-allow-origin: *
x-amzn-requestid: 0aadddfffe01bb98-00007c07-0002d2c8-3dd24ec615edf2e0-484f2f86-9


15:07:09.491 [RequestThread] INFO  com.amazon.alexa.avs.http.AVSClient - This response successfully had no content.
15:07:10.191 [Thread-32] INFO  com.amazon.alexa.avs.http.AVSClient - Request metadata: 
{
  "event" : {
    "header" : {
      "namespace" : "SpeechSynthesizer",
      "name" : "SpeechFinished",
      "messageId" : "f88e7f97-e3d3-4c04-8e3d-fbb5897a2a40"
    },
    "payload" : {
      "token" : "amzn1.as-ct.v1.Domain:Application:Knowledge#ACRI#KnowledgePrompt.0f6e245c-5487-460d-8295-833d9b260ed7"
    }
  }
}
15:07:10.193 [Thread-32] DEBUG com.amazon.alexa.avs.SpeechRequestAudioPlayerPauseController - Alexa speech finished
15:07:10.207 [Thread-31] DEBUG com.amazon.alexa.avs.SpeechRequestAudioPlayerPauseController - Resuming all Alexa output
15:07:10.209 [Thread-31] DEBUG com.amazon.alexa.avs.AVSAudioPlayer - Resuming all Alexa output
15:07:10.473 [RequestThread] INFO  com.amazon.alexa.avs.http.AVSClient - Response code: 204
15:07:10.475 [RequestThread] INFO  com.amazon.alexa.avs.http.AVSClient - Response headers: access-control-allow-origin: *
x-amzn-requestid: 0aadddfffe01bb98-00007c07-0002d2c8-3dd24ec615edf2e0-484f2f86-11


15:07:10.476 [RequestThread] INFO  com.amazon.alexa.avs.http.AVSClient - This response successfully had no content.
15:07:49.621 [AWT-EventQueue-0] DEBUG com.amazon.alexa.avs.wakeword.WakeWordIPCSocket - Sending command IPC_PAUSE_WAKE_WORD_ENGINE to all connected clients
15:07:49.627 [AWT-EventQueue-0] WARN  com.amazon.alexa.avs.AVSController - Could not open the microphone line.
15:07:50.647 [AWT-EventQueue-0] INFO  com.amazon.alexa.avs.http.AVSClient - Request metadata: 
{
  "event" : {
    "header" : {
      "namespace" : "SpeechRecognizer",
      "name" : "Recognize",
      "messageId" : "31f1575f-403f-41f0-aa17-18ac8b1219f0",
      "dialogRequestId" : "64aefc28-247b-48ca-a485-49dfe78878a5"
    },
    "payload" : {
      "profile" : "NEAR_FIELD",
      "format" : "AUDIO_L16_RATE_16000_CHANNELS_1"
    }
  },
  "context" : [ {
    "header" : {
      "namespace" : "AudioPlayer",
      "name" : "PlaybackState"
    },
    "payload" : {
      "token" : "",
      "offsetInMilliseconds" : 0,
      "playerActivity" : "IDLE"
    }
  }, {
    "header" : {
      "namespace" : "SpeechSynthesizer",
      "name" : "SpeechState"
    },
    "payload" : {
      "token" : "amzn1.as-ct.v1.Domain:Application:Knowledge#ACRI#KnowledgePrompt.0f6e245c-5487-460d-8295-833d9b260ed7",
      "offsetInMilliseconds" : 0,
      "playerActivity" : "FINISHED"
    }
  }, {
    "header" : {
      "namespace" : "Alerts",
      "name" : "AlertsState"
    },
    "payload" : {
      "allAlerts" : [ ],
      "activeAlerts" : [ ]
    }
  }, {
    "header" : {
      "namespace" : "Speaker",
      "name" : "VolumeState"
    },
    "payload" : {
      "volume" : 50,
      "muted" : false
    }
  } ]
}
15:07:50.651 [AWT-EventQueue-0] DEBUG com.amazon.alexa.avs.SpeechRequestAudioPlayerPauseController - Speech request started
15:07:50.652 [AWT-EventQueue-0] DEBUG com.amazon.alexa.avs.AVSAudioPlayer - Interrupting all Alexa output
15:07:50.653 [RequestThread] INFO  com.amazon.alexa.avs.http.CachingContentProvider - Create new CachingIterator
15:07:56.567 [DownchannelRequestThread] INFO  com.amazon.alexa.avs.http.MessageParser - Response metadata: 
{
  "directive" : {
    "header" : {
      "namespace" : "SpeechRecognizer",
      "name" : "StopCapture",
      "messageId" : "be8d7f6e-ed29-423a-84ec-87a206c7fa4a",
      "dialogRequestId" : "64aefc28-247b-48ca-a485-49dfe78878a5"
    },
    "payload" : { }
  }
}
15:07:56.577 [DependentDirectiveThread] INFO  com.amazon.alexa.avs.AVSController - Handling directive: SpeechRecognizer.StopCapture
15:07:56.578 [DependentDirectiveThread] DEBUG com.amazon.alexa.avs.SpeechRequestAudioPlayerPauseController - Dispatching directive
15:07:56.579 [DependentDirectiveThread] DEBUG com.amazon.alexa.avs.SpeechRequestAudioPlayerPauseController - Finished listening to user speech
15:07:56.581 [DependentDirectiveThread] DEBUG com.amazon.alexa.avs.wakeword.WakeWordIPCSocket - Sending command IPC_RESUME_WAKE_WORD_ENGINE to all connected clients
15:07:56.746 [RequestThread] INFO  com.amazon.alexa.avs.http.AVSClient - Response code: 204
15:07:56.747 [RequestThread] INFO  com.amazon.alexa.avs.http.AVSClient - Response headers: access-control-allow-origin: *
x-amzn-requestid: 0aadddfffe01bb98-00007c07-0002d2c8-3dd24ec615edf2e0-484f2f86-13


15:07:56.748 [RequestThread] INFO  com.amazon.alexa.avs.http.AVSClient - This response successfully had no content.
15:07:56.749 [RequestThread] DEBUG com.amazon.alexa.avs.AVSController - Speech processing finished. Dependent queue size: 0
15:07:56.750 [RequestThread] DEBUG com.amazon.alexa.avs.SpeechRequestAudioPlayerPauseController - Finished processing speech request
15:07:56.752 [Thread-37] DEBUG com.amazon.alexa.avs.SpeechRequestAudioPlayerPauseController - Started resume audio thread
15:07:56.752 [Thread-37] DEBUG com.amazon.alexa.avs.SpeechRequestAudioPlayerPauseController - Resuming all Alexa output
15:07:56.753 [Thread-37] DEBUG com.amazon.alexa.avs.AVSAudioPlayer - Resuming all Alexa output
